[debug] [2025-01-12T00:11:20.643Z] ----------------------------------------------------------------------
[debug] [2025-01-12T00:11:20.645Z] Command:       C:\Program Files\nodejs\node.exe C:\Users\Oleg\AppData\Roaming\npm\node_modules\firebase-tools\lib\bin\firebase.js init
[debug] [2025-01-12T00:11:20.646Z] CLI Version:   13.29.1
[debug] [2025-01-12T00:11:20.646Z] Platform:      win32
[debug] [2025-01-12T00:11:20.646Z] Node Version:  v20.11.0
[debug] [2025-01-12T00:11:20.646Z] Time:          Sun Jan 12 2025 01:11:20 GMT+0100 (Центральная Европа, стандартное время)
[debug] [2025-01-12T00:11:20.646Z] ----------------------------------------------------------------------
[debug] 
[debug] [2025-01-12T00:11:20.650Z] > command requires scopes: ["email","openid","https://www.googleapis.com/auth/cloudplatformprojects.readonly","https://www.googleapis.com/auth/firebase","https://www.googleapis.com/auth/cloud-platform"]
[debug] [2025-01-12T00:11:20.651Z] > authorizing via signed-in user (olegmordan621@gmail.com)
[info] 
     ######## #### ########  ######## ########     ###     ######  ########
     ##        ##  ##     ## ##       ##     ##  ##   ##  ##       ##
     ######    ##  ########  ######   ########  #########  ######  ######
     ##        ##  ##    ##  ##       ##     ## ##     ##       ## ##
     ##       #### ##     ## ######## ########  ##     ##  ######  ########

You're about to initialize a Firebase project in this directory:

  G:\Documents\GitHub\CrazyFire & AppHaven

[info] 
=== Project Setup
[info] 
[info] First, let's associate this project directory with a Firebase project.
[info] You can create multiple project aliases by running firebase use --add, 
[info] but for now we'll just set up a default project.
[info] 
[debug] [2025-01-12T00:13:05.513Z] Checked if tokens are valid: true, expires at: 1736642066116
[debug] [2025-01-12T00:13:05.513Z] Checked if tokens are valid: true, expires at: 1736642066116
[debug] [2025-01-12T00:13:05.514Z] >>> [apiv2][query] GET https://firebase.googleapis.com/v1beta1/projects pageSize=100
[debug] [2025-01-12T00:13:06.177Z] <<< [apiv2][status] GET https://firebase.googleapis.com/v1beta1/projects 200
[debug] [2025-01-12T00:13:06.177Z] <<< [apiv2][body] GET https://firebase.googleapis.com/v1beta1/projects [omitted]
[info] i  Using project crazyfire-app (CrazyFire-App) 
[info] 
=== Hosting Setup
[debug] [2025-01-12T00:13:08.559Z] Checked if tokens are valid: true, expires at: 1736642066116
[debug] [2025-01-12T00:13:08.559Z] Checked if tokens are valid: true, expires at: 1736642066116
[debug] [2025-01-12T00:13:08.560Z] >>> [apiv2][query] GET https://firebase.googleapis.com/v1beta1/projects/crazyfire-app [none]
[debug] [2025-01-12T00:13:08.804Z] <<< [apiv2][status] GET https://firebase.googleapis.com/v1beta1/projects/crazyfire-app 200
[debug] [2025-01-12T00:13:08.804Z] <<< [apiv2][body] GET https://firebase.googleapis.com/v1beta1/projects/crazyfire-app {"projectId":"crazyfire-app","projectNumber":"218958038563","displayName":"CrazyFire-App","name":"projects/crazyfire-app","resources":{"hostingSite":"crazyfire-app"},"state":"ACTIVE","etag":"1_68608442-e070-4b1c-b777-bfbc70a8c404"}
[info] 
[info] Your public directory is the folder (relative to your project directory) that
[info] will contain Hosting assets to be uploaded with firebase deploy. If you
[info] have a build process for your assets, use your build's output directory.
[info] 
